D:\DIA'A WORKS\LEARNING\DESIGNS 4 DIA'A\PROGRAMING\C\ORDERING NUMBERS\ORDERING NUMBERS\DEBUG\ORDERING NUMBERS.OBJ
D:\DIA'A WORKS\LEARNING\DESIGNS 4 DIA'A\PROGRAMING\C\ORDERING NUMBERS\ORDERING NUMBERS\DEBUG\VC110.PDB
D:\DIA'A WORKS\LEARNING\DESIGNS 4 DIA'A\PROGRAMING\C\ORDERING NUMBERS\DEBUG\ORDERING NUMBERS.ILK
D:\DIA'A WORKS\LEARNING\DESIGNS 4 DIA'A\PROGRAMING\C\ORDERING NUMBERS\DEBUG\ORDERING NUMBERS.EXE
D:\DIA'A WORKS\LEARNING\DESIGNS 4 DIA'A\PROGRAMING\C\ORDERING NUMBERS\DEBUG\ORDERING NUMBERS.PDB
D:\Dia'a works\Learning\Designs 4 Dia'a\programing\C\ordering numbers\ordering numbers\Debug\ordering numbers.obj
D:\Dia'a works\Learning\Designs 4 Dia'a\programing\C\ordering numbers\ordering numbers\Debug\cl.command.1.tlog
D:\Dia'a works\Learning\Designs 4 Dia'a\programing\C\ordering numbers\ordering numbers\Debug\CL.read.1.tlog
D:\Dia'a works\Learning\Designs 4 Dia'a\programing\C\ordering numbers\ordering numbers\Debug\CL.write.1.tlog
D:\Dia'a works\Learning\Designs 4 Dia'a\programing\C\ordering numbers\ordering numbers\Debug\link-cvtres.read.1.tlog
D:\Dia'a works\Learning\Designs 4 Dia'a\programing\C\ordering numbers\ordering numbers\Debug\link-cvtres.write.1.tlog
D:\Dia'a works\Learning\Designs 4 Dia'a\programing\C\ordering numbers\ordering numbers\Debug\link-rc.read.1.tlog
D:\Dia'a works\Learning\Designs 4 Dia'a\programing\C\ordering numbers\ordering numbers\Debug\link-rc.write.1.tlog
D:\Dia'a works\Learning\Designs 4 Dia'a\programing\C\ordering numbers\ordering numbers\Debug\link.command.1.tlog
D:\Dia'a works\Learning\Designs 4 Dia'a\programing\C\ordering numbers\ordering numbers\Debug\link.read.1.tlog
D:\Dia'a works\Learning\Designs 4 Dia'a\programing\C\ordering numbers\ordering numbers\Debug\link.write.1.tlog
D:\Dia'a works\Learning\Designs 4 Dia'a\programing\C\ordering numbers\ordering numbers\Debug\vc110.idb
D:\Dia'a works\Learning\Designs 4 Dia'a\programing\C\ordering numbers\ordering numbers\Debug\vc110.pdb
D:\Dia'a works\Learning\Designs 4 Dia'a\programing\C\ordering numbers\Debug\ordering numbers.pdb
D:\Dia'a works\Learning\Designs 4 Dia'a\programing\C\ordering numbers\Debug\ordering numbers.exe
D:\Dia'a works\Learning\Designs 4 Dia'a\programing\C\ordering numbers\Debug\ordering numbers.ilk
