D:\DIA'A WORKS\LEARNING\DESIGNS 4 DIA'A\PROGRAMING\C\SQRT\SQRT\DEBUG\SQRT.OBJ
D:\DIA'A WORKS\LEARNING\DESIGNS 4 DIA'A\PROGRAMING\C\SQRT\SQRT\DEBUG\VC110.PDB
D:\DIA'A WORKS\LEARNING\DESIGNS 4 DIA'A\PROGRAMING\C\SQRT\DEBUG\SQRT.ILK
D:\DIA'A WORKS\LEARNING\DESIGNS 4 DIA'A\PROGRAMING\C\SQRT\DEBUG\SQRT.EXE
D:\DIA'A WORKS\LEARNING\DESIGNS 4 DIA'A\PROGRAMING\C\SQRT\DEBUG\SQRT.PDB
D:\Dia'a works\Learning\Designs 4 Dia'a\programing\C\sqrt\sqrt\Debug\sqrt.obj
D:\Dia'a works\Learning\Designs 4 Dia'a\programing\C\sqrt\sqrt\Debug\cl.command.1.tlog
D:\Dia'a works\Learning\Designs 4 Dia'a\programing\C\sqrt\sqrt\Debug\CL.read.1.tlog
D:\Dia'a works\Learning\Designs 4 Dia'a\programing\C\sqrt\sqrt\Debug\CL.write.1.tlog
D:\Dia'a works\Learning\Designs 4 Dia'a\programing\C\sqrt\sqrt\Debug\link-cvtres.read.1.tlog
D:\Dia'a works\Learning\Designs 4 Dia'a\programing\C\sqrt\sqrt\Debug\link-cvtres.write.1.tlog
D:\Dia'a works\Learning\Designs 4 Dia'a\programing\C\sqrt\sqrt\Debug\link-rc.read.1.tlog
D:\Dia'a works\Learning\Designs 4 Dia'a\programing\C\sqrt\sqrt\Debug\link-rc.write.1.tlog
D:\Dia'a works\Learning\Designs 4 Dia'a\programing\C\sqrt\sqrt\Debug\link.command.1.tlog
D:\Dia'a works\Learning\Designs 4 Dia'a\programing\C\sqrt\sqrt\Debug\link.read.1.tlog
D:\Dia'a works\Learning\Designs 4 Dia'a\programing\C\sqrt\sqrt\Debug\link.write.1.tlog
D:\Dia'a works\Learning\Designs 4 Dia'a\programing\C\sqrt\sqrt\Debug\vc110.idb
D:\Dia'a works\Learning\Designs 4 Dia'a\programing\C\sqrt\sqrt\Debug\vc110.pdb
D:\Dia'a works\Learning\Designs 4 Dia'a\programing\C\sqrt\Debug\sqrt.pdb
D:\Dia'a works\Learning\Designs 4 Dia'a\programing\C\sqrt\Debug\sqrt.exe
D:\Dia'a works\Learning\Designs 4 Dia'a\programing\C\sqrt\Debug\sqrt.ilk
