D:\DIA'A WORKS\LEARNING\DESIGNS 4 DIA'A\PROGRAMING\C\EDITING CHARACTERS\EDITING CHARACTERS\DEBUG\EDIT.OBJ
D:\DIA'A WORKS\LEARNING\DESIGNS 4 DIA'A\PROGRAMING\C\EDITING CHARACTERS\EDITING CHARACTERS\DEBUG\VC110.PDB
D:\DIA'A WORKS\LEARNING\DESIGNS 4 DIA'A\PROGRAMING\C\EDITING CHARACTERS\DEBUG\EDITING CHARACTERS.ILK
D:\DIA'A WORKS\LEARNING\DESIGNS 4 DIA'A\PROGRAMING\C\EDITING CHARACTERS\DEBUG\EDITING CHARACTERS.EXE
D:\DIA'A WORKS\LEARNING\DESIGNS 4 DIA'A\PROGRAMING\C\EDITING CHARACTERS\DEBUG\EDITING CHARACTERS.PDB
D:\Dia'a works\Learning\Designs 4 Dia'a\programing\C\editing characters\editing characters\Debug\edit.obj
D:\Dia'a works\Learning\Designs 4 Dia'a\programing\C\editing characters\editing characters\Debug\cl.command.1.tlog
D:\Dia'a works\Learning\Designs 4 Dia'a\programing\C\editing characters\editing characters\Debug\CL.read.1.tlog
D:\Dia'a works\Learning\Designs 4 Dia'a\programing\C\editing characters\editing characters\Debug\CL.write.1.tlog
D:\Dia'a works\Learning\Designs 4 Dia'a\programing\C\editing characters\editing characters\Debug\link-cvtres.read.1.tlog
D:\Dia'a works\Learning\Designs 4 Dia'a\programing\C\editing characters\editing characters\Debug\link-cvtres.write.1.tlog
D:\Dia'a works\Learning\Designs 4 Dia'a\programing\C\editing characters\editing characters\Debug\link-rc.read.1.tlog
D:\Dia'a works\Learning\Designs 4 Dia'a\programing\C\editing characters\editing characters\Debug\link-rc.write.1.tlog
D:\Dia'a works\Learning\Designs 4 Dia'a\programing\C\editing characters\editing characters\Debug\link.command.1.tlog
D:\Dia'a works\Learning\Designs 4 Dia'a\programing\C\editing characters\editing characters\Debug\link.read.1.tlog
D:\Dia'a works\Learning\Designs 4 Dia'a\programing\C\editing characters\editing characters\Debug\link.write.1.tlog
D:\Dia'a works\Learning\Designs 4 Dia'a\programing\C\editing characters\editing characters\Debug\vc110.idb
D:\Dia'a works\Learning\Designs 4 Dia'a\programing\C\editing characters\editing characters\Debug\vc110.pdb
D:\Dia'a works\Learning\Designs 4 Dia'a\programing\C\editing characters\Debug\editing characters.pdb
D:\Dia'a works\Learning\Designs 4 Dia'a\programing\C\editing characters\Debug\editing characters.exe
D:\Dia'a works\Learning\Designs 4 Dia'a\programing\C\editing characters\Debug\editing characters.ilk
