D:\DIA'A WORKS\LEARNING\DESIGNS 4 DIA'A\PROGRAMING\C\FACTORIAL\FACTORIAL\DEBUG\VC110.PDB
D:\DIA'A WORKS\LEARNING\DESIGNS 4 DIA'A\PROGRAMING\C\FACTORIAL\FACTORIAL\DEBUG\FACTORIAL.OBJ
D:\DIA'A WORKS\LEARNING\DESIGNS 4 DIA'A\PROGRAMING\C\FACTORIAL\DEBUG\FACTORIAL.ILK
D:\DIA'A WORKS\LEARNING\DESIGNS 4 DIA'A\PROGRAMING\C\FACTORIAL\DEBUG\FACTORIAL.EXE
D:\DIA'A WORKS\LEARNING\DESIGNS 4 DIA'A\PROGRAMING\C\FACTORIAL\DEBUG\FACTORIAL.PDB
D:\Dia'a works\Learning\Designs 4 Dia'a\programing\C\factorial\factorial\Debug\factorial.obj
D:\Dia'a works\Learning\Designs 4 Dia'a\programing\C\factorial\factorial\Debug\cl.command.1.tlog
D:\Dia'a works\Learning\Designs 4 Dia'a\programing\C\factorial\factorial\Debug\CL.read.1.tlog
D:\Dia'a works\Learning\Designs 4 Dia'a\programing\C\factorial\factorial\Debug\CL.write.1.tlog
D:\Dia'a works\Learning\Designs 4 Dia'a\programing\C\factorial\factorial\Debug\link-cvtres.read.1.tlog
D:\Dia'a works\Learning\Designs 4 Dia'a\programing\C\factorial\factorial\Debug\link-cvtres.write.1.tlog
D:\Dia'a works\Learning\Designs 4 Dia'a\programing\C\factorial\factorial\Debug\link-rc.read.1.tlog
D:\Dia'a works\Learning\Designs 4 Dia'a\programing\C\factorial\factorial\Debug\link-rc.write.1.tlog
D:\Dia'a works\Learning\Designs 4 Dia'a\programing\C\factorial\factorial\Debug\link.command.1.tlog
D:\Dia'a works\Learning\Designs 4 Dia'a\programing\C\factorial\factorial\Debug\link.read.1.tlog
D:\Dia'a works\Learning\Designs 4 Dia'a\programing\C\factorial\factorial\Debug\link.write.1.tlog
D:\Dia'a works\Learning\Designs 4 Dia'a\programing\C\factorial\factorial\Debug\vc110.idb
D:\Dia'a works\Learning\Designs 4 Dia'a\programing\C\factorial\factorial\Debug\vc110.pdb
D:\Dia'a works\Learning\Designs 4 Dia'a\programing\C\factorial\Debug\factorial.pdb
D:\Dia'a works\Learning\Designs 4 Dia'a\programing\C\factorial\Debug\factorial.exe
D:\Dia'a works\Learning\Designs 4 Dia'a\programing\C\factorial\Debug\factorial.ilk
