D:\DIA'A WORKS\LEARNING\DESIGNS 4 DIA'A\PROGRAMING\C\ARRAYS RANKING\ARRAYS RANKING\DEBUG\ARRAYS RANKING.OBJ
D:\DIA'A WORKS\LEARNING\DESIGNS 4 DIA'A\PROGRAMING\C\ARRAYS RANKING\ARRAYS RANKING\DEBUG\VC110.PDB
D:\DIA'A WORKS\LEARNING\DESIGNS 4 DIA'A\PROGRAMING\C\ARRAYS RANKING\DEBUG\ARRAYS RANKING.ILK
D:\DIA'A WORKS\LEARNING\DESIGNS 4 DIA'A\PROGRAMING\C\ARRAYS RANKING\DEBUG\ARRAYS RANKING.EXE
D:\DIA'A WORKS\LEARNING\DESIGNS 4 DIA'A\PROGRAMING\C\ARRAYS RANKING\DEBUG\ARRAYS RANKING.PDB
D:\Dia'a works\Learning\Designs 4 Dia'a\programing\C\arrays ranking\arrays ranking\Debug\arrays ranking.obj
D:\Dia'a works\Learning\Designs 4 Dia'a\programing\C\arrays ranking\arrays ranking\Debug\cl.command.1.tlog
D:\Dia'a works\Learning\Designs 4 Dia'a\programing\C\arrays ranking\arrays ranking\Debug\CL.read.1.tlog
D:\Dia'a works\Learning\Designs 4 Dia'a\programing\C\arrays ranking\arrays ranking\Debug\CL.write.1.tlog
D:\Dia'a works\Learning\Designs 4 Dia'a\programing\C\arrays ranking\arrays ranking\Debug\link-cvtres.read.1.tlog
D:\Dia'a works\Learning\Designs 4 Dia'a\programing\C\arrays ranking\arrays ranking\Debug\link-cvtres.write.1.tlog
D:\Dia'a works\Learning\Designs 4 Dia'a\programing\C\arrays ranking\arrays ranking\Debug\link-rc.read.1.tlog
D:\Dia'a works\Learning\Designs 4 Dia'a\programing\C\arrays ranking\arrays ranking\Debug\link-rc.write.1.tlog
D:\Dia'a works\Learning\Designs 4 Dia'a\programing\C\arrays ranking\arrays ranking\Debug\link.command.1.tlog
D:\Dia'a works\Learning\Designs 4 Dia'a\programing\C\arrays ranking\arrays ranking\Debug\link.read.1.tlog
D:\Dia'a works\Learning\Designs 4 Dia'a\programing\C\arrays ranking\arrays ranking\Debug\link.write.1.tlog
D:\Dia'a works\Learning\Designs 4 Dia'a\programing\C\arrays ranking\arrays ranking\Debug\vc110.idb
D:\Dia'a works\Learning\Designs 4 Dia'a\programing\C\arrays ranking\arrays ranking\Debug\vc110.pdb
D:\Dia'a works\Learning\Designs 4 Dia'a\programing\C\arrays ranking\Debug\arrays ranking.pdb
D:\Dia'a works\Learning\Designs 4 Dia'a\programing\C\arrays ranking\Debug\arrays ranking.exe
D:\Dia'a works\Learning\Designs 4 Dia'a\programing\C\arrays ranking\Debug\arrays ranking.ilk
