D:\DIA'A WORKS\LEARNING\DESIGNS 4 DIA'A\PROGRAMING\C\FACTORIAL2\FACTORIAL2\DEBUG\FACTORIAL2.OBJ
D:\DIA'A WORKS\LEARNING\DESIGNS 4 DIA'A\PROGRAMING\C\FACTORIAL2\FACTORIAL2\DEBUG\VC110.PDB
D:\DIA'A WORKS\LEARNING\DESIGNS 4 DIA'A\PROGRAMING\C\FACTORIAL2\DEBUG\FACTORIAL2.ILK
D:\DIA'A WORKS\LEARNING\DESIGNS 4 DIA'A\PROGRAMING\C\FACTORIAL2\DEBUG\FACTORIAL2.EXE
D:\DIA'A WORKS\LEARNING\DESIGNS 4 DIA'A\PROGRAMING\C\FACTORIAL2\DEBUG\FACTORIAL2.PDB
D:\Dia'a works\Learning\Designs 4 Dia'a\programing\C\factorial2\factorial2\Debug\factorial2.obj
D:\Dia'a works\Learning\Designs 4 Dia'a\programing\C\factorial2\factorial2\Debug\cl.command.1.tlog
D:\Dia'a works\Learning\Designs 4 Dia'a\programing\C\factorial2\factorial2\Debug\CL.read.1.tlog
D:\Dia'a works\Learning\Designs 4 Dia'a\programing\C\factorial2\factorial2\Debug\CL.write.1.tlog
D:\Dia'a works\Learning\Designs 4 Dia'a\programing\C\factorial2\factorial2\Debug\link-cvtres.read.1.tlog
D:\Dia'a works\Learning\Designs 4 Dia'a\programing\C\factorial2\factorial2\Debug\link-cvtres.write.1.tlog
D:\Dia'a works\Learning\Designs 4 Dia'a\programing\C\factorial2\factorial2\Debug\link-rc.read.1.tlog
D:\Dia'a works\Learning\Designs 4 Dia'a\programing\C\factorial2\factorial2\Debug\link-rc.write.1.tlog
D:\Dia'a works\Learning\Designs 4 Dia'a\programing\C\factorial2\factorial2\Debug\link.command.1.tlog
D:\Dia'a works\Learning\Designs 4 Dia'a\programing\C\factorial2\factorial2\Debug\link.read.1.tlog
D:\Dia'a works\Learning\Designs 4 Dia'a\programing\C\factorial2\factorial2\Debug\link.write.1.tlog
D:\Dia'a works\Learning\Designs 4 Dia'a\programing\C\factorial2\factorial2\Debug\vc110.idb
D:\Dia'a works\Learning\Designs 4 Dia'a\programing\C\factorial2\factorial2\Debug\vc110.pdb
D:\Dia'a works\Learning\Designs 4 Dia'a\programing\C\factorial2\Debug\factorial2.pdb
D:\Dia'a works\Learning\Designs 4 Dia'a\programing\C\factorial2\Debug\factorial2.exe
D:\Dia'a works\Learning\Designs 4 Dia'a\programing\C\factorial2\Debug\factorial2.ilk
