D:\DIA'A WORKS\LEARNING\DESIGNS 4 DIA'A\PROGRAMING\C\OOP1\OOP1\DEBUG\OOP1.OBJ
D:\DIA'A WORKS\LEARNING\DESIGNS 4 DIA'A\PROGRAMING\C\OOP1\OOP1\DEBUG\VC110.PDB
D:\DIA'A WORKS\LEARNING\DESIGNS 4 DIA'A\PROGRAMING\C\OOP1\DEBUG\OOP1.ILK
D:\DIA'A WORKS\LEARNING\DESIGNS 4 DIA'A\PROGRAMING\C\OOP1\DEBUG\OOP1.EXE
D:\DIA'A WORKS\LEARNING\DESIGNS 4 DIA'A\PROGRAMING\C\OOP1\DEBUG\OOP1.PDB
D:\Dia'a works\Learning\Designs 4 Dia'a\programing\C\oop1\oop1\Debug\oop1.obj
D:\Dia'a works\Learning\Designs 4 Dia'a\programing\C\oop1\oop1\Debug\cl.command.1.tlog
D:\Dia'a works\Learning\Designs 4 Dia'a\programing\C\oop1\oop1\Debug\CL.read.1.tlog
D:\Dia'a works\Learning\Designs 4 Dia'a\programing\C\oop1\oop1\Debug\CL.write.1.tlog
D:\Dia'a works\Learning\Designs 4 Dia'a\programing\C\oop1\oop1\Debug\link-cvtres.read.1.tlog
D:\Dia'a works\Learning\Designs 4 Dia'a\programing\C\oop1\oop1\Debug\link-cvtres.write.1.tlog
D:\Dia'a works\Learning\Designs 4 Dia'a\programing\C\oop1\oop1\Debug\link-rc.read.1.tlog
D:\Dia'a works\Learning\Designs 4 Dia'a\programing\C\oop1\oop1\Debug\link-rc.write.1.tlog
D:\Dia'a works\Learning\Designs 4 Dia'a\programing\C\oop1\oop1\Debug\link.command.1.tlog
D:\Dia'a works\Learning\Designs 4 Dia'a\programing\C\oop1\oop1\Debug\link.read.1.tlog
D:\Dia'a works\Learning\Designs 4 Dia'a\programing\C\oop1\oop1\Debug\link.write.1.tlog
D:\Dia'a works\Learning\Designs 4 Dia'a\programing\C\oop1\oop1\Debug\vc110.idb
D:\Dia'a works\Learning\Designs 4 Dia'a\programing\C\oop1\oop1\Debug\vc110.pdb
D:\Dia'a works\Learning\Designs 4 Dia'a\programing\C\oop1\Debug\oop1.pdb
D:\Dia'a works\Learning\Designs 4 Dia'a\programing\C\oop1\Debug\oop1.exe
D:\Dia'a works\Learning\Designs 4 Dia'a\programing\C\oop1\Debug\oop1.ilk
