D:\DIA'A WORKS\LEARNING\DESIGNS 4 DIA'A\PROGRAMING\C\FREE ORDER ARRAY\FREE ORDER ARRAY\DEBUG\FREE ORDER ARRAY.OBJ
D:\DIA'A WORKS\LEARNING\DESIGNS 4 DIA'A\PROGRAMING\C\FREE ORDER ARRAY\FREE ORDER ARRAY\DEBUG\VC110.PDB
D:\DIA'A WORKS\LEARNING\DESIGNS 4 DIA'A\PROGRAMING\C\FREE ORDER ARRAY\DEBUG\FREE ORDER ARRAY.ILK
D:\DIA'A WORKS\LEARNING\DESIGNS 4 DIA'A\PROGRAMING\C\FREE ORDER ARRAY\DEBUG\FREE ORDER ARRAY.EXE
D:\DIA'A WORKS\LEARNING\DESIGNS 4 DIA'A\PROGRAMING\C\FREE ORDER ARRAY\DEBUG\FREE ORDER ARRAY.PDB
D:\Dia'a works\Learning\Designs 4 Dia'a\programing\C\free order array\free order array\Debug\free order array.obj
D:\Dia'a works\Learning\Designs 4 Dia'a\programing\C\free order array\free order array\Debug\cl.command.1.tlog
D:\Dia'a works\Learning\Designs 4 Dia'a\programing\C\free order array\free order array\Debug\CL.read.1.tlog
D:\Dia'a works\Learning\Designs 4 Dia'a\programing\C\free order array\free order array\Debug\CL.write.1.tlog
D:\Dia'a works\Learning\Designs 4 Dia'a\programing\C\free order array\free order array\Debug\link-cvtres.read.1.tlog
D:\Dia'a works\Learning\Designs 4 Dia'a\programing\C\free order array\free order array\Debug\link-cvtres.write.1.tlog
D:\Dia'a works\Learning\Designs 4 Dia'a\programing\C\free order array\free order array\Debug\link-rc.read.1.tlog
D:\Dia'a works\Learning\Designs 4 Dia'a\programing\C\free order array\free order array\Debug\link-rc.write.1.tlog
D:\Dia'a works\Learning\Designs 4 Dia'a\programing\C\free order array\free order array\Debug\link.command.1.tlog
D:\Dia'a works\Learning\Designs 4 Dia'a\programing\C\free order array\free order array\Debug\link.read.1.tlog
D:\Dia'a works\Learning\Designs 4 Dia'a\programing\C\free order array\free order array\Debug\link.write.1.tlog
D:\Dia'a works\Learning\Designs 4 Dia'a\programing\C\free order array\free order array\Debug\vc110.idb
D:\Dia'a works\Learning\Designs 4 Dia'a\programing\C\free order array\free order array\Debug\vc110.pdb
D:\Dia'a works\Learning\Designs 4 Dia'a\programing\C\free order array\Debug\free order array.pdb
D:\Dia'a works\Learning\Designs 4 Dia'a\programing\C\free order array\Debug\free order array.exe
D:\Dia'a works\Learning\Designs 4 Dia'a\programing\C\free order array\Debug\free order array.ilk
